d:\xg4\vs2017 code\mdbtools - 副本\mdbtools - 副本\mdbtools\x64\debug\vc141.pdb
d:\xg4\vs2017 code\mdbtools - 副本\mdbtools - 副本\mdbtools\x64\debug\mdbtools.obj
d:\xg4\vs2017 code\mdbtools - 副本\mdbtools - 副本\mdbtools\x64\debug\mdbcombine.obj
d:\xg4\vs2017 code\mdbtools - 副本\mdbtools - 副本\mdbtools\x64\debug\mdbclass.obj
d:\xg4\vs2017 code\mdbtools - 副本\mdbtools - 副本\mdbtools\x64\debug\main.obj
d:\xg4\vs2017 code\mdbtools - 副本\mdbtools - 副本\mdbtools\x64\debug\moc_mdbtools.obj
d:\xg4\vs2017 code\mdbtools - 副本\mdbtools - 副本\mdbtools\x64\debug\qrc_mdbtools.obj
d:\xg4\vs2017 code _\mdbtools - 副本\mdbtools - 副本\mdbtools\x64\debug\vc141.pdb
d:\xg4\vs2017 code _\mdbtools - 副本\mdbtools - 副本\mdbtools\x64\debug\mdbtools.obj
d:\xg4\vs2017 code _\mdbtools - 副本\mdbtools - 副本\mdbtools\x64\debug\mdbcombine.obj
d:\xg4\vs2017 code _\mdbtools - 副本\mdbtools - 副本\mdbtools\x64\debug\mdbclass.obj
d:\xg4\vs2017 code _\mdbtools - 副本\mdbtools - 副本\mdbtools\x64\debug\main.obj
d:\xg4\vs2017 code _\mdbtools - 副本\mdbtools - 副本\mdbtools\x64\debug\moc_mdbtools.obj
d:\xg4\vs2017 code _\mdbtools - 副本\mdbtools - 副本\mdbtools\x64\debug\qrc_mdbtools.obj
d:\xg4\vs2017 code\mdbtools - 副本\mdbtools - 副本\mdbtools\generatedfiles\debug\moc_mdbtools.cpp
d:\xg4\vs2017 code\mdbtools - 副本\mdbtools - 副本\mdbtools\generatedfiles\ui_mdbtools.h
d:\xg4\vs2017 code\mdbtools - 副本\mdbtools - 副本\mdbtools\generatedfiles\qrc_mdbtools.cpp
d:\xg4\vs2017 code _\mdbtools - 副本\mdbtools - 副本\mdbtools\generatedfiles\debug\moc_mdbtools.cpp
d:\xg4\vs2017 code _\mdbtools - 副本\mdbtools - 副本\mdbtools\generatedfiles\ui_mdbtools.h
d:\xg4\vs2017 code _\mdbtools - 副本\mdbtools - 副本\mdbtools\generatedfiles\qrc_mdbtools.cpp
d:\xg4\vs2017 code\mdbtools - 副本\mdbtools - 副本\mdbtools\x64\debug\mdbtools.ilk
d:\xg4\vs2017 code\mdbtools - 副本\mdbtools - 副本\mdbtools\x64\debug\mdbtools.exe
d:\xg4\vs2017 code\mdbtools - 副本\mdbtools - 副本\mdbtools\x64\debug\mdbtools.pdb
d:\xg4\vs2017 code _\mdbtools - 副本\mdbtools - 副本\mdbtools\x64\debug\mdbtools.exe
d:\xg4\vs2017 code _\mdbtools - 副本\mdbtools - 副本\mdbtools\x64\debug\mdbtools.ilk
d:\xg4\vs2017 code _\mdbtools - 副本\mdbtools - 副本\mdbtools\x64\debug\mdbtools.pdb
d:\xg4\vs2017 code\mdbtools - 副本\mdbtools - 副本\mdbtools\x64\debug\mdbtools.res
d:\xg4\vs2017 code _\mdbtools - 副本\mdbtools - 副本\mdbtools\x64\debug\mdbtools.res
d:\xg4\vs2017 code _\mdbtools - 副本\mdbtools - 副本\mdbtools\x64\debug\msado15.tli
d:\xg4\vs2017 code _\mdbtools - 副本\mdbtools - 副本\mdbtools\x64\debug\msadox.tli
d:\xg4\vs2017 code _\mdbtools - 副本\mdbtools - 副本\mdbtools\x64\debug\msado15.tlh
d:\xg4\vs2017 code _\mdbtools - 副本\mdbtools - 副本\mdbtools\x64\debug\msadox.tlh
d:\xg4\vs2017 code _\mdbtools - 副本\mdbtools - 副本\mdbtools\x64\debug\mdbtools.tlog\cl.command.1.tlog
d:\xg4\vs2017 code _\mdbtools - 副本\mdbtools - 副本\mdbtools\x64\debug\mdbtools.tlog\cl.read.1.tlog
d:\xg4\vs2017 code _\mdbtools - 副本\mdbtools - 副本\mdbtools\x64\debug\mdbtools.tlog\cl.write.1.tlog
d:\xg4\vs2017 code _\mdbtools - 副本\mdbtools - 副本\mdbtools\x64\debug\mdbtools.tlog\custombuild.command.1.tlog
d:\xg4\vs2017 code _\mdbtools - 副本\mdbtools - 副本\mdbtools\x64\debug\mdbtools.tlog\custombuild.read.1.tlog
d:\xg4\vs2017 code _\mdbtools - 副本\mdbtools - 副本\mdbtools\x64\debug\mdbtools.tlog\custombuild.write.1.tlog
d:\xg4\vs2017 code _\mdbtools - 副本\mdbtools - 副本\mdbtools\x64\debug\mdbtools.tlog\link.command.1.tlog
d:\xg4\vs2017 code _\mdbtools - 副本\mdbtools - 副本\mdbtools\x64\debug\mdbtools.tlog\link.read.1.tlog
d:\xg4\vs2017 code _\mdbtools - 副本\mdbtools - 副本\mdbtools\x64\debug\mdbtools.tlog\link.write.1.tlog
d:\xg4\vs2017 code _\mdbtools - 副本\mdbtools - 副本\mdbtools\x64\debug\mdbtools.tlog\rc.command.1.tlog
d:\xg4\vs2017 code _\mdbtools - 副本\mdbtools - 副本\mdbtools\x64\debug\mdbtools.tlog\rc.read.1.tlog
d:\xg4\vs2017 code _\mdbtools - 副本\mdbtools - 副本\mdbtools\x64\debug\mdbtools.tlog\rc.write.1.tlog
